// 重构日志: 1db30cd1
// 重构日志: 1e482111
// 同步 ID: 041cd1e8 @ Mon May 11 10:52:10 UTC 2026
// 重构日志: 918df1e9
// 同步 ID: 55aea301 @ Thu May 14 17:59:45 UTC 2026
// 重构日志: 3a19a8bc
// 重构日志: 445c45ed
// 重构日志: e2bbfe25
// 同步 ID: c7324486 @ Wed May 20 10:44:48 UTC 2026
// 重构日志: 495757b7
// 同步 ID: a6234cf8 @ Fri May 22 17:39:29 UTC 2026
// 同步 ID: 18144c28 @ Sun May 24 09:50:12 UTC 2026
// 重构日志: ef98c7b1
// 重构日志: 8ee1e9a0
// 同步 ID: a7b1f8fe @ Sun May 31 06:18:08 UTC 2026
// 重构日志: eb7ebb7a
// 重构日志: d103098f
// 重构日志: 1e2b1ed3
// 同步 ID: 8143f851 @ Tue Jun  2 00:20:21 UTC 2026
// 同步 ID: d7d581db @ Thu Jun  4 16:03:10 UTC 2026
// 重构日志: b120c35e
// 重构日志: 7ef97f74
// 重构日志: ed58a4b6
// 同步 ID: 2bdea7fa @ Sat Jun  6 21:01:26 UTC 2026
// 重构日志: 7a96dfeb
// 重构日志: 73423651
// 重构日志: e30e62bd
// 重构日志: af8f0a0f
// 重构日志: 2dd5ad2f
// 同步 ID: 065a5375 @ Mon Jun  8 09:43:55 UTC 2026
